[2025-10-23 10:07:27] Daemon started (interval: 5m0s, auto-commit: false, auto-push: false)
[2025-10-23 10:07:27] Using database: /Users/peter/pwarnock.github.io/.beads/pwarnock.github.io.db
[2025-10-23 10:07:27] Database opened: /Users/peter/pwarnock.github.io/.beads/pwarnock.github.io.db
[2025-10-23 10:07:27] Starting RPC server: /Users/peter/pwarnock.github.io/.beads/bd.sock
[2025-10-23 10:07:27] RPC server ready (socket listening)
[2025-10-23 10:07:27] Starting sync cycle...
[2025-10-23 10:07:27] Exported to JSONL
[2025-10-23 10:07:32] Pull failed: git pull failed: exit status 1
There is no tracking information for the current branch.
Please specify which branch you want to merge with.
See git-pull(1) for details.

    git pull <remote> <branch>

If you wish to set tracking information for this branch you can do so with:

    git branch --set-upstream-to=origin/<branch> feature/pwarnock.github.io-portfolio-section


[2025-10-23 10:12:27] Starting sync cycle...
[2025-10-23 10:12:27] Exported to JSONL
[2025-10-23 10:12:29] Pull failed: git pull failed: exit status 1
There is no tracking information for the current branch.
Please specify which branch you want to merge with.
See git-pull(1) for details.

    git pull <remote> <branch>

If you wish to set tracking information for this branch you can do so with:

    git branch --set-upstream-to=origin/<branch> feature/pwarnock.github.io-portfolio-section


[2025-10-23 10:16:59] Received signal terminated, shutting down gracefully...
[2025-10-23 10:17:01] Daemon started (interval: 5m0s, auto-commit: false, auto-push: false)
[2025-10-23 10:17:01] Using database: /Users/peter/pwarnock.github.io/.beads/pwarnock.github.io.db
[2025-10-23 10:17:01] Database opened: /Users/peter/pwarnock.github.io/.beads/pwarnock.github.io.db
[2025-10-23 10:17:01] Starting RPC server: /Users/peter/pwarnock.github.io/.beads/bd.sock
[2025-10-23 10:17:01] RPC server ready (socket listening)
[2025-10-23 10:17:01] Starting sync cycle...
[2025-10-23 10:17:01] Exported to JSONL
[2025-10-23 10:17:06] Pull failed: git pull failed: exit status 1
There is no tracking information for the current branch.
Please specify which branch you want to merge with.
See git-pull(1) for details.

    git pull <remote> <branch>

If you wish to set tracking information for this branch you can do so with:

    git branch --set-upstream-to=origin/<branch> feature/pwarnock.github.io-portfolio-section


[2025-10-23 10:22:01] Starting sync cycle...
[2025-10-23 10:22:01] Exported to JSONL
[2025-10-23 10:22:03] Pull failed: git pull failed: exit status 1
There is no tracking information for the current branch.
Please specify which branch you want to merge with.
See git-pull(1) for details.

    git pull <remote> <branch>

If you wish to set tracking information for this branch you can do so with:

    git branch --set-upstream-to=origin/<branch> feature/pwarnock.github.io-portfolio-section


[2025-10-23 10:27:01] Starting sync cycle...
[2025-10-23 10:27:01] Exported to JSONL
[2025-10-23 10:27:04] Pull failed: git pull failed: exit status 1
There is no tracking information for the current branch.
Please specify which branch you want to merge with.
See git-pull(1) for details.

    git pull <remote> <branch>

If you wish to set tracking information for this branch you can do so with:

    git branch --set-upstream-to=origin/<branch> feature/pwarnock.github.io-portfolio-section


[2025-10-23 10:32:01] Starting sync cycle...
[2025-10-23 10:32:01] Exported to JSONL
[2025-10-23 10:32:05] Pull failed: git pull failed: exit status 1
There is no tracking information for the current branch.
Please specify which branch you want to merge with.
See git-pull(1) for details.

    git pull <remote> <branch>

If you wish to set tracking information for this branch you can do so with:

    git branch --set-upstream-to=origin/<branch> feature/pwarnock.github.io-portfolio-section


[2025-10-23 10:37:01] Starting sync cycle...
[2025-10-23 10:37:01] Exported to JSONL
[2025-10-23 10:37:03] Pull failed: git pull failed: exit status 1
There is no tracking information for the current branch.
Please specify which branch you want to merge with.
See git-pull(1) for details.

    git pull <remote> <branch>

If you wish to set tracking information for this branch you can do so with:

    git branch --set-upstream-to=origin/<branch> feature/pwarnock.github.io-portfolio-section


[2025-10-23 10:42:01] Starting sync cycle...
[2025-10-23 10:42:01] Exported to JSONL
[2025-10-23 10:42:03] Pull failed: git pull failed: exit status 1
There is no tracking information for the current branch.
Please specify which branch you want to merge with.
See git-pull(1) for details.

    git pull <remote> <branch>

If you wish to set tracking information for this branch you can do so with:

    git branch --set-upstream-to=origin/<branch> feature/pwarnock.github.io-portfolio-section


[2025-10-23 10:47:01] Starting sync cycle...
[2025-10-23 10:47:01] Exported to JSONL
[2025-10-23 10:47:03] Pull failed: git pull failed: exit status 1
There is no tracking information for the current branch.
Please specify which branch you want to merge with.
See git-pull(1) for details.

    git pull <remote> <branch>

If you wish to set tracking information for this branch you can do so with:

    git branch --set-upstream-to=origin/<branch> feature/pwarnock.github.io-portfolio-section


[2025-10-23 10:52:01] Starting sync cycle...
[2025-10-23 10:52:01] Exported to JSONL
[2025-10-23 10:52:03] Pull failed: git pull failed: exit status 1
There is no tracking information for the current branch.
Please specify which branch you want to merge with.
See git-pull(1) for details.

    git pull <remote> <branch>

If you wish to set tracking information for this branch you can do so with:

    git branch --set-upstream-to=origin/<branch> feature/pwarnock.github.io-portfolio-section


[2025-10-23 10:57:01] Starting sync cycle...
[2025-10-23 10:57:01] Exported to JSONL
[2025-10-23 10:57:03] Pull failed: git pull failed: exit status 1
There is no tracking information for the current branch.
Please specify which branch you want to merge with.
See git-pull(1) for details.

    git pull <remote> <branch>

If you wish to set tracking information for this branch you can do so with:

    git branch --set-upstream-to=origin/<branch> feature/pwarnock.github.io-portfolio-section


[2025-10-23 11:02:01] Starting sync cycle...
[2025-10-23 11:02:01] Exported to JSONL
[2025-10-23 11:02:03] Pull failed: git pull failed: exit status 1
There is no tracking information for the current branch.
Please specify which branch you want to merge with.
See git-pull(1) for details.

    git pull <remote> <branch>

If you wish to set tracking information for this branch you can do so with:

    git branch --set-upstream-to=origin/<branch> feature/pwarnock.github.io-portfolio-section


[2025-10-23 11:07:01] Starting sync cycle...
[2025-10-23 11:07:01] Exported to JSONL
[2025-10-23 11:07:03] Pull failed: git pull failed: exit status 1
There is no tracking information for the current branch.
Please specify which branch you want to merge with.
See git-pull(1) for details.

    git pull <remote> <branch>

If you wish to set tracking information for this branch you can do so with:

    git branch --set-upstream-to=origin/<branch> feature/pwarnock.github.io-portfolio-section


[2025-10-23 11:12:01] Starting sync cycle...
[2025-10-23 11:12:01] Exported to JSONL
[2025-10-23 11:12:03] Pull failed: git pull failed: exit status 1
There is no tracking information for the current branch.
Please specify which branch you want to merge with.
See git-pull(1) for details.

    git pull <remote> <branch>

If you wish to set tracking information for this branch you can do so with:

    git branch --set-upstream-to=origin/<branch> feature/pwarnock.github.io-portfolio-section


[2025-10-23 11:17:01] Starting sync cycle...
[2025-10-23 11:17:01] Exported to JSONL
[2025-10-23 11:17:04] Pull failed: git pull failed: exit status 1
There is no tracking information for the current branch.
Please specify which branch you want to merge with.
See git-pull(1) for details.

    git pull <remote> <branch>

If you wish to set tracking information for this branch you can do so with:

    git branch --set-upstream-to=origin/<branch> feature/pwarnock.github.io-portfolio-section


[2025-10-23 11:22:01] Starting sync cycle...
[2025-10-23 11:22:01] Exported to JSONL
[2025-10-23 11:22:03] Pull failed: git pull failed: exit status 1
There is no tracking information for the current branch.
Please specify which branch you want to merge with.
See git-pull(1) for details.

    git pull <remote> <branch>

If you wish to set tracking information for this branch you can do so with:

    git branch --set-upstream-to=origin/<branch> feature/pwarnock.github.io-portfolio-section


[2025-10-23 11:27:01] Starting sync cycle...
[2025-10-23 11:27:01] Exported to JSONL
[2025-10-23 11:27:04] Pull failed: git pull failed: exit status 1
There is no tracking information for the current branch.
Please specify which branch you want to merge with.
See git-pull(1) for details.

    git pull <remote> <branch>

If you wish to set tracking information for this branch you can do so with:

    git branch --set-upstream-to=origin/<branch> feature/pwarnock.github.io-portfolio-section


[2025-10-23 11:32:01] Starting sync cycle...
[2025-10-23 11:32:01] Exported to JSONL
[2025-10-23 11:32:03] Pull failed: git pull failed: exit status 1
There is no tracking information for the current branch.
Please specify which branch you want to merge with.
See git-pull(1) for details.

    git pull <remote> <branch>

If you wish to set tracking information for this branch you can do so with:

    git branch --set-upstream-to=origin/<branch> feature/pwarnock.github.io-portfolio-section


[2025-10-23 11:37:01] Starting sync cycle...
[2025-10-23 11:37:01] Exported to JSONL
[2025-10-23 11:37:03] Pull failed: git pull failed: exit status 1
There is no tracking information for the current branch.
Please specify which branch you want to merge with.
See git-pull(1) for details.

    git pull <remote> <branch>

If you wish to set tracking information for this branch you can do so with:

    git branch --set-upstream-to=origin/<branch> feature/pwarnock.github.io-portfolio-section


[2025-10-23 11:42:01] Starting sync cycle...
[2025-10-23 11:42:01] Exported to JSONL
[2025-10-23 11:42:19] Pull failed: git pull failed: exit status 1
There is no tracking information for the current branch.
Please specify which branch you want to merge with.
See git-pull(1) for details.

    git pull <remote> <branch>

If you wish to set tracking information for this branch you can do so with:

    git branch --set-upstream-to=origin/<branch> feature/pwarnock.github.io-portfolio-section


[2025-10-23 11:47:01] Starting sync cycle...
[2025-10-23 11:47:01] Exported to JSONL
[2025-10-23 11:47:14] Pull failed: git pull failed: exit status 1
There is no tracking information for the current branch.
Please specify which branch you want to merge with.
See git-pull(1) for details.

    git pull <remote> <branch>

If you wish to set tracking information for this branch you can do so with:

    git branch --set-upstream-to=origin/<branch> feature/pwarnock.github.io-portfolio-section


[2025-10-23 11:52:01] Starting sync cycle...
[2025-10-23 11:52:01] Exported to JSONL
[2025-10-23 11:52:16] Pull failed: git pull failed: exit status 1
There is no tracking information for the current branch.
Please specify which branch you want to merge with.
See git-pull(1) for details.

    git pull <remote> <branch>

If you wish to set tracking information for this branch you can do so with:

    git branch --set-upstream-to=origin/<branch> feature/pwarnock.github.io-portfolio-section


[2025-10-23 11:57:01] Starting sync cycle...
[2025-10-23 11:57:01] Exported to JSONL
[2025-10-23 11:57:03] Pull failed: git pull failed: exit status 1
There is no tracking information for the current branch.
Please specify which branch you want to merge with.
See git-pull(1) for details.

    git pull <remote> <branch>

If you wish to set tracking information for this branch you can do so with:

    git branch --set-upstream-to=origin/<branch> feature/pwarnock.github.io-portfolio-section


[2025-10-23 12:02:01] Starting sync cycle...
[2025-10-23 12:02:01] Exported to JSONL
[2025-10-23 12:02:03] Pull failed: git pull failed: exit status 1
There is no tracking information for the current branch.
Please specify which branch you want to merge with.
See git-pull(1) for details.

    git pull <remote> <branch>

If you wish to set tracking information for this branch you can do so with:

    git branch --set-upstream-to=origin/<branch> feature/pwarnock.github.io-portfolio-section


[2025-10-23 12:07:01] Starting sync cycle...
[2025-10-23 12:07:01] Exported to JSONL
[2025-10-23 12:07:03] Pull failed: git pull failed: exit status 1
There is no tracking information for the current branch.
Please specify which branch you want to merge with.
See git-pull(1) for details.

    git pull <remote> <branch>

If you wish to set tracking information for this branch you can do so with:

    git branch --set-upstream-to=origin/<branch> feature/pwarnock.github.io-portfolio-section


[2025-10-23 12:12:01] Starting sync cycle...
[2025-10-23 12:12:01] Exported to JSONL
[2025-10-23 12:12:03] Pull failed: git pull failed: exit status 1
There is no tracking information for the current branch.
Please specify which branch you want to merge with.
See git-pull(1) for details.

    git pull <remote> <branch>

If you wish to set tracking information for this branch you can do so with:

    git branch --set-upstream-to=origin/<branch> feature/pwarnock.github.io-portfolio-section


[2025-10-23 12:17:01] Starting sync cycle...
[2025-10-23 12:17:01] Exported to JSONL
[2025-10-23 12:17:26] Pull failed: git pull failed: exit status 1
sign_and_send_pubkey: signing failed for ED25519 "/Users/peter/.ssh/id_ed25519.pub" from agent: agent refused operation
git@github.com: Permission denied (publickey).
fatal: Could not read from remote repository.

Please make sure you have the correct access rights
and the repository exists.

[2025-10-23 12:22:01] Starting sync cycle...
[2025-10-23 12:22:01] Exported to JSONL
[2025-10-23 12:22:06] Pull failed: git pull failed: exit status 1
From github.com:pwarnock/pwarnock.github.io
   39fcb1b..b7fe7a8  main       -> origin/main
There is no tracking information for the current branch.
Please specify which branch you want to merge with.
See git-pull(1) for details.

    git pull <remote> <branch>

If you wish to set tracking information for this branch you can do so with:

    git branch --set-upstream-to=origin/<branch> feature/pwarnock.github.io-portfolio-section


[2025-10-23 12:27:01] Starting sync cycle...
[2025-10-23 12:27:01] Exported to JSONL
[2025-10-23 12:27:03] Pull failed: git pull failed: exit status 1
There is no tracking information for the current branch.
Please specify which branch you want to merge with.
See git-pull(1) for details.

    git pull <remote> <branch>

If you wish to set tracking information for this branch you can do so with:

    git branch --set-upstream-to=origin/<branch> feature/pwarnock.github.io-portfolio-section


[2025-10-23 12:32:01] Starting sync cycle...
[2025-10-23 12:32:01] Exported to JSONL
[2025-10-23 12:32:03] Pull failed: git pull failed: exit status 1
There is no tracking information for the current branch.
Please specify which branch you want to merge with.
See git-pull(1) for details.

    git pull <remote> <branch>

If you wish to set tracking information for this branch you can do so with:

    git branch --set-upstream-to=origin/<branch> feature/pwarnock.github.io-portfolio-section


[2025-10-23 12:37:01] Starting sync cycle...
[2025-10-23 12:37:01] Exported to JSONL
[2025-10-23 12:37:03] Pull failed: git pull failed: exit status 1
There is no tracking information for the current branch.
Please specify which branch you want to merge with.
See git-pull(1) for details.

    git pull <remote> <branch>

If you wish to set tracking information for this branch you can do so with:

    git branch --set-upstream-to=origin/<branch> feature/pwarnock.github.io-portfolio-section


[2025-10-23 12:42:01] Starting sync cycle...
[2025-10-23 12:42:01] Exported to JSONL
[2025-10-23 12:42:04] Pull failed: git pull failed: exit status 1
There is no tracking information for the current branch.
Please specify which branch you want to merge with.
See git-pull(1) for details.

    git pull <remote> <branch>

If you wish to set tracking information for this branch you can do so with:

    git branch --set-upstream-to=origin/<branch> feature/pwarnock.github.io-portfolio-section


[2025-10-23 12:47:01] Starting sync cycle...
[2025-10-23 12:47:01] Exported to JSONL
[2025-10-23 12:47:04] Pull failed: git pull failed: exit status 1
There is no tracking information for the current branch.
Please specify which branch you want to merge with.
See git-pull(1) for details.

    git pull <remote> <branch>

If you wish to set tracking information for this branch you can do so with:

    git branch --set-upstream-to=origin/<branch> feature/pwarnock.github.io-portfolio-section


[2025-10-23 12:52:01] Starting sync cycle...
[2025-10-23 12:52:01] Exported to JSONL
[2025-10-23 12:52:03] Pull failed: git pull failed: exit status 1
There is no tracking information for the current branch.
Please specify which branch you want to merge with.
See git-pull(1) for details.

    git pull <remote> <branch>

If you wish to set tracking information for this branch you can do so with:

    git branch --set-upstream-to=origin/<branch> feature/pwarnock.github.io-portfolio-section


[2025-10-23 12:57:01] Starting sync cycle...
[2025-10-23 12:57:01] Exported to JSONL
[2025-10-23 12:57:03] Pull failed: git pull failed: exit status 1
There is no tracking information for the current branch.
Please specify which branch you want to merge with.
See git-pull(1) for details.

    git pull <remote> <branch>

If you wish to set tracking information for this branch you can do so with:

    git branch --set-upstream-to=origin/<branch> feature/pwarnock.github.io-portfolio-section


[2025-10-23 13:02:01] Starting sync cycle...
[2025-10-23 13:02:01] Exported to JSONL
[2025-10-23 13:02:24] Pull failed: git pull failed: exit status 1
There is no tracking information for the current branch.
Please specify which branch you want to merge with.
See git-pull(1) for details.

    git pull <remote> <branch>

If you wish to set tracking information for this branch you can do so with:

    git branch --set-upstream-to=origin/<branch> feature/pwarnock.github.io-portfolio-section


[2025-10-23 13:07:01] Starting sync cycle...
[2025-10-23 13:07:01] Exported to JSONL
[2025-10-23 13:07:03] Pull failed: git pull failed: exit status 1
There is no tracking information for the current branch.
Please specify which branch you want to merge with.
See git-pull(1) for details.

    git pull <remote> <branch>

If you wish to set tracking information for this branch you can do so with:

    git branch --set-upstream-to=origin/<branch> feature/pwarnock.github.io-portfolio-section


[2025-10-23 13:12:01] Starting sync cycle...
[2025-10-23 13:12:01] Exported to JSONL
[2025-10-23 13:12:03] Pull failed: git pull failed: exit status 1
There is no tracking information for the current branch.
Please specify which branch you want to merge with.
See git-pull(1) for details.

    git pull <remote> <branch>

If you wish to set tracking information for this branch you can do so with:

    git branch --set-upstream-to=origin/<branch> feature/pwarnock.github.io-portfolio-section


[2025-10-23 13:17:01] Starting sync cycle...
[2025-10-23 13:17:01] Exported to JSONL
[2025-10-23 13:17:03] Pull failed: git pull failed: exit status 1
There is no tracking information for the current branch.
Please specify which branch you want to merge with.
See git-pull(1) for details.

    git pull <remote> <branch>

If you wish to set tracking information for this branch you can do so with:

    git branch --set-upstream-to=origin/<branch> feature/pwarnock.github.io-portfolio-section


[2025-10-23 13:22:01] Starting sync cycle...
[2025-10-23 13:22:01] Exported to JSONL
[2025-10-23 13:22:03] Pull failed: git pull failed: exit status 1
There is no tracking information for the current branch.
Please specify which branch you want to merge with.
See git-pull(1) for details.

    git pull <remote> <branch>

If you wish to set tracking information for this branch you can do so with:

    git branch --set-upstream-to=origin/<branch> feature/pwarnock.github.io-portfolio-section


[2025-10-23 13:27:01] Starting sync cycle...
[2025-10-23 13:27:01] Exported to JSONL
[2025-10-23 13:27:04] Pull failed: git pull failed: exit status 1
There is no tracking information for the current branch.
Please specify which branch you want to merge with.
See git-pull(1) for details.

    git pull <remote> <branch>

If you wish to set tracking information for this branch you can do so with:

    git branch --set-upstream-to=origin/<branch> feature/pwarnock.github.io-portfolio-section


[2025-10-23 13:32:01] Starting sync cycle...
[2025-10-23 13:32:01] Exported to JSONL
[2025-10-23 13:32:03] Pull failed: git pull failed: exit status 1
There is no tracking information for the current branch.
Please specify which branch you want to merge with.
See git-pull(1) for details.

    git pull <remote> <branch>

If you wish to set tracking information for this branch you can do so with:

    git branch --set-upstream-to=origin/<branch> feature/pwarnock.github.io-portfolio-section


[2025-10-23 13:37:01] Starting sync cycle...
[2025-10-23 13:37:01] Exported to JSONL
[2025-10-23 13:37:03] Pull failed: git pull failed: exit status 1
There is no tracking information for the current branch.
Please specify which branch you want to merge with.
See git-pull(1) for details.

    git pull <remote> <branch>

If you wish to set tracking information for this branch you can do so with:

    git branch --set-upstream-to=origin/<branch> feature/pwarnock.github.io-portfolio-section


[2025-10-23 13:42:01] Starting sync cycle...
[2025-10-23 13:42:01] Exported to JSONL
[2025-10-23 13:42:03] Pull failed: git pull failed: exit status 1
There is no tracking information for the current branch.
Please specify which branch you want to merge with.
See git-pull(1) for details.

    git pull <remote> <branch>

If you wish to set tracking information for this branch you can do so with:

    git branch --set-upstream-to=origin/<branch> feature/pwarnock.github.io-portfolio-section


[2025-10-23 13:47:01] Starting sync cycle...
[2025-10-23 13:47:01] Exported to JSONL
[2025-10-23 13:47:03] Pull failed: git pull failed: exit status 1
There is no tracking information for the current branch.
Please specify which branch you want to merge with.
See git-pull(1) for details.

    git pull <remote> <branch>

If you wish to set tracking information for this branch you can do so with:

    git branch --set-upstream-to=origin/<branch> feature/pwarnock.github.io-portfolio-section


[2025-10-23 13:52:01] Starting sync cycle...
[2025-10-23 13:52:01] Exported to JSONL
[2025-10-23 13:52:03] Pull failed: git pull failed: exit status 1
There is no tracking information for the current branch.
Please specify which branch you want to merge with.
See git-pull(1) for details.

    git pull <remote> <branch>

If you wish to set tracking information for this branch you can do so with:

    git branch --set-upstream-to=origin/<branch> feature/pwarnock.github.io-portfolio-section


[2025-10-23 13:57:01] Starting sync cycle...
[2025-10-23 13:57:01] Exported to JSONL
[2025-10-23 13:57:03] Pull failed: git pull failed: exit status 1
There is no tracking information for the current branch.
Please specify which branch you want to merge with.
See git-pull(1) for details.

    git pull <remote> <branch>

If you wish to set tracking information for this branch you can do so with:

    git branch --set-upstream-to=origin/<branch> feature/pwarnock.github.io-portfolio-section


[2025-10-23 14:02:01] Starting sync cycle...
[2025-10-23 14:02:01] Exported to JSONL
[2025-10-23 14:02:03] Pull failed: git pull failed: exit status 1
There is no tracking information for the current branch.
Please specify which branch you want to merge with.
See git-pull(1) for details.

    git pull <remote> <branch>

If you wish to set tracking information for this branch you can do so with:

    git branch --set-upstream-to=origin/<branch> feature/pwarnock.github.io-portfolio-section


[2025-10-23 14:07:01] Starting sync cycle...
[2025-10-23 14:07:01] Exported to JSONL
[2025-10-23 14:07:03] Pull failed: git pull failed: exit status 1
There is no tracking information for the current branch.
Please specify which branch you want to merge with.
See git-pull(1) for details.

    git pull <remote> <branch>

If you wish to set tracking information for this branch you can do so with:

    git branch --set-upstream-to=origin/<branch> feature/pwarnock.github.io-portfolio-section


[2025-10-23 14:12:01] Starting sync cycle...
[2025-10-23 14:12:01] Exported to JSONL
[2025-10-23 14:12:03] Pull failed: git pull failed: exit status 1
There is no tracking information for the current branch.
Please specify which branch you want to merge with.
See git-pull(1) for details.

    git pull <remote> <branch>

If you wish to set tracking information for this branch you can do so with:

    git branch --set-upstream-to=origin/<branch> feature/pwarnock.github.io-portfolio-section


[2025-10-23 14:17:01] Starting sync cycle...
[2025-10-23 14:17:01] Exported to JSONL
[2025-10-23 14:17:03] Pull failed: git pull failed: exit status 1
There is no tracking information for the current branch.
Please specify which branch you want to merge with.
See git-pull(1) for details.

    git pull <remote> <branch>

If you wish to set tracking information for this branch you can do so with:

    git branch --set-upstream-to=origin/<branch> feature/pwarnock.github.io-portfolio-section


[2025-10-23 14:22:01] Starting sync cycle...
[2025-10-23 14:22:01] Exported to JSONL
[2025-10-23 14:22:03] Pull failed: git pull failed: exit status 1
There is no tracking information for the current branch.
Please specify which branch you want to merge with.
See git-pull(1) for details.

    git pull <remote> <branch>

If you wish to set tracking information for this branch you can do so with:

    git branch --set-upstream-to=origin/<branch> feature/pwarnock.github.io-portfolio-section


[2025-10-23 14:27:01] Starting sync cycle...
[2025-10-23 14:27:01] Exported to JSONL
[2025-10-23 14:27:03] Pull failed: git pull failed: exit status 1
There is no tracking information for the current branch.
Please specify which branch you want to merge with.
See git-pull(1) for details.

    git pull <remote> <branch>

If you wish to set tracking information for this branch you can do so with:

    git branch --set-upstream-to=origin/<branch> feature/pwarnock.github.io-portfolio-section


